<?xml version="1.0" encoding="UTF-8"?>
<!-- Generated by org.testng.reporters.JUnitReportReporter -->
<testsuite hostname="VDI-HDQ-0027" name="executableClass.Fully_Enrolled_Customers_Flow" tests="1" failures="0" timestamp="19 Dec 2018 11:53:18 GMT" time="152.132" errors="0">
  <testcase name="TC003_EnrollNewProgram_Phonenumber_VerifybyPII" time="152.132" classname="executableClass.Fully_Enrolled_Customers_Flow"/>
</testsuite> <!-- executableClass.Fully_Enrolled_Customers_Flow -->
