<?xml version="1.0" encoding="UTF-8"?>
<!-- Generated by org.testng.reporters.JUnitReportReporter -->
<testsuite hostname="VDI-HDQ-0027" name="executableClass.Pre_Enrolled_Customers_Flow" tests="1" failures="0" timestamp="24 Dec 2018 09:57:28 GMT" time="5.402" errors="0">
  <testcase name="TC005_EnrollinNewProgram_SignUp_As_A_New_Member" time="5.402" classname="executableClass.Pre_Enrolled_Customers_Flow"/>
</testsuite> <!-- executableClass.Pre_Enrolled_Customers_Flow -->
