<?xml version="1.0" encoding="UTF-8"?>
<!-- Generated by org.testng.reporters.JUnitReportReporter -->
<testsuite hostname="VDI-HDQ-0027" name="executableClass.chk" tests="1" failures="0" timestamp="11 Jan 2019 11:47:39 GMT" time="13.533" errors="0">
  <testcase name="BrowserBanner" time="13.533" classname="executableClass.chk"/>
</testsuite> <!-- executableClass.chk -->
