<?xml version="1.0" encoding="UTF-8"?>
<!-- Generated by org.testng.reporters.JUnitReportReporter -->
<testsuite hostname="VDI-HDQ-0027" name="executableClass.chk" tests="1" failures="0" timestamp="14 Jan 2019 11:21:11 GMT" time="13.021" errors="0">
  <testcase name="BrowserBanner" time="13.021" classname="executableClass.chk"/>
</testsuite> <!-- executableClass.chk -->
